<?xml version="1.0" encoding="UTF-8"?>
<testng-results ignored="0" total="1" passed="1" failed="0" skipped="0">
  <reporter-output>
  </reporter-output>
  <suite started-at="2021-03-22T17:08:51 IST" name="com.java.test.TestHelloWorld" finished-at="2021-03-22T17:08:51 IST" duration-ms="33">
    <groups>
    </groups>
    <test started-at="2021-03-22T17:08:51 IST" name="Command line test" finished-at="2021-03-22T17:08:51 IST" duration-ms="33">
      <class name="com.java.test.TestHelloWorld">
        <test-method signature="testHelloWorld()[pri:0, instance:com.java.test.TestHelloWorld@a74868d]" started-at="2021-03-22T17:08:51 IST" name="testHelloWorld" finished-at="2021-03-22T17:08:51 IST" duration-ms="4" status="PASS">
          <reporter-output>
          </reporter-output>
        </test-method> <!-- testHelloWorld -->
      </class> <!-- com.java.test.TestHelloWorld -->
    </test> <!-- Command line test -->
  </suite> <!-- com.java.test.TestHelloWorld -->
</testng-results>
